2023-04-02 23:14:52.636026 - Initialized conversion of CBT293
2023-04-02 23:14:52.823730 - Received SBGOLOB.CBT505.FILE293 from FILE293.XMI 
2023-04-02 23:14:52.826758 - Found $$$#DATE.txt (text/plain) in SBGOLOB.CBT505.FILE293, moved to FILE293/$$$#DATE
2023-04-02 23:14:52.827930 - Found $$NOTE01.txt (text/plain) in SBGOLOB.CBT505.FILE293, moved to FILE293/$$NOTE01
2023-04-02 23:14:52.829191 - Found @FILE293.txt (text/plain) in SBGOLOB.CBT505.FILE293, moved to FILE293/@FILE293
2023-04-02 23:14:52.830662 - Found CKIEBGE$.jcl (text/plain) in SBGOLOB.CBT505.FILE293, moved to FILE293/CKIEBGE$
2023-04-02 23:14:52.831794 - Found CKIEBGEN.txt (text/plain) in SBGOLOB.CBT505.FILE293, moved to FILE293/CKIEBGEN
2023-04-02 23:14:52.832956 - Found CKIEBG01.txt (text/plain) in SBGOLOB.CBT505.FILE293, moved to FILE293/CKIEBG01
2023-04-02 23:14:52.834213 - Found CKIEBG02.txt (text/plain) in SBGOLOB.CBT505.FILE293, moved to FILE293/CKIEBG02
2023-04-02 23:14:52.835410 - Found CKIEBG03.txt (text/plain) in SBGOLOB.CBT505.FILE293, moved to FILE293/CKIEBG03
2023-04-02 23:14:52.836464 - Found CKIEBG04.txt (text/plain) in SBGOLOB.CBT505.FILE293, moved to FILE293/CKIEBG04
2023-04-02 23:14:52.837686 - Found CKIEBG05.txt (text/plain) in SBGOLOB.CBT505.FILE293, moved to FILE293/CKIEBG05
2023-04-02 23:14:52.838837 - Found CKIEBG06.txt (text/plain) in SBGOLOB.CBT505.FILE293, moved to FILE293/CKIEBG06
2023-04-02 23:14:52.839844 - Found CKIEBG07.txt (text/plain) in SBGOLOB.CBT505.FILE293, moved to FILE293/CKIEBG07
2023-04-02 23:14:52.841061 - Found MANYRC#1.jcl (text/plain) in SBGOLOB.CBT505.FILE293, moved to FILE293/MANYRC#1
2023-04-02 23:14:52.842185 - Found MANYRC#2.jcl (text/plain) in SBGOLOB.CBT505.FILE293, moved to FILE293/MANYRC#2
2023-04-02 23:14:52.843313 - Found MANYRCD$.jcl (text/plain) in SBGOLOB.CBT505.FILE293, moved to FILE293/MANYRCD$
2023-04-02 23:14:52.844437 - Found MANYRCDS.txt (text/plain) in SBGOLOB.CBT505.FILE293, moved to FILE293/MANYRCDS
2023-04-02 23:14:52.845672 - Found SAMPJOB1.jcl (text/plain) in SBGOLOB.CBT505.FILE293, moved to FILE293/SAMPJOB1
2023-04-02 23:14:52.846672 - Found SAMPJOB9.txt (text/plain) in SBGOLOB.CBT505.FILE293, moved to FILE293/SAMPJOB9
2023-04-02 23:14:52.847955 - Found SAMPRPA3.txt (text/plain) in SBGOLOB.CBT505.FILE293, moved to FILE293/SAMPRPA3
2023-04-02 23:14:52.849089 - Found SAMPRP02.txt (text/plain) in SBGOLOB.CBT505.FILE293, moved to FILE293/SAMPRP02
2023-04-02 23:14:52.850096 - Found SAMPRP03.txt (text/plain) in SBGOLOB.CBT505.FILE293, moved to FILE293/SAMPRP03
2023-04-02 23:14:52.851104 - Found SAMPRP04.txt (text/plain) in SBGOLOB.CBT505.FILE293, moved to FILE293/SAMPRP04
2023-04-02 23:14:52.852172 - Found SAMPRP05.txt (text/plain) in SBGOLOB.CBT505.FILE293, moved to FILE293/SAMPRP05
2023-04-02 23:14:52.853095 - Found SAMPRP06.txt (text/plain) in SBGOLOB.CBT505.FILE293, moved to FILE293/SAMPRP06
